<?xml version='1.0' encoding='UTF-8'?>
<testsuite hostname="Paballo-Moeletsi.local" name="patmat.HuffmanSuite" tests="13" errors="0" failures="0" skipped="0" time="0.15" timestamp="2020-04-07T13:29:54">
                     <properties>
[...]
</properties>
                     <testcase classname="patmat.HuffmanSuite" name="correctly convert codetree to codetable" time="0.061">
                                                 
                                               </testcase><testcase classname="patmat.HuffmanSuite" name="chars of a larger tree (10pts)" time="0.002">
                                                 
                                               </testcase><testcase classname="patmat.HuffmanSuite" name="check times produces correct tally hetro char sequence" time="0.002">
                                                 
                                               </testcase><testcase classname="patmat.HuffmanSuite" name="weight of a larger tree (10pts)" time="0.002">
                                                 
                                               </testcase><testcase classname="patmat.HuffmanSuite" name="decode and encode a very short text should be identity (10pts)" time="0.07">
                                                 
                                               </testcase><testcase classname="patmat.HuffmanSuite" name="encode single bit leaf 0" time="0.001">
                                                 
                                               </testcase><testcase classname="patmat.HuffmanSuite" name="encode single bit leaf 1" time="0.002">
                                                 
                                               </testcase><testcase classname="patmat.HuffmanSuite" name="decode single bit leaf 0" time="0.001">
                                                 
                                               </testcase><testcase classname="patmat.HuffmanSuite" name="decode single bit leaf 1" time="0.001">
                                                 
                                               </testcase><testcase classname="patmat.HuffmanSuite" name="check times produces correct tally mono char sequence" time="0.001">
                                                 
                                               </testcase><testcase classname="patmat.HuffmanSuite" name="string2chars hello world" time="0.001">
                                                 
                                               </testcase><testcase classname="patmat.HuffmanSuite" name="combine of some leaf list (15pts)" time="0.001">
                                                 
                                               </testcase><testcase classname="patmat.HuffmanSuite" name="make ordered leaf list for some frequency table (15pts)" time="0.005">
                                                 
                                               </testcase>
                     <system-out><![CDATA[]]></system-out>
                     <system-err><![CDATA[]]></system-err>
                   </testsuite>